0.433556493211 0.37914653464
0.379560927431 0.369686175298
0.371793148115 0.365949287883
0.365624297608 0.3628128276
0.362146998101 0.349862185539
0.360365384524 0.359129591837
0.358039079504 0.357733374723
0.357254184382 0.351424609394
0.356384591614 0.350633215383
0.355299103229 0.347524741702
0.352978539205 0.355505262328
0.351687515023 0.35862521571
0.35276982647 0.348739361652
0.347756107201 0.353736802295
0.350335229449 0.344821472948
0.348245525151 0.350113419373
0.349560918582 0.342823054738
0.34871943857 0.352052176878
0.348279633348 0.348255110334
0.346770852364 0.349564277724
0.347192140832 0.347095113941
0.344791440019 0.345978592691
0.346429218454 0.343008100261
0.34700166604 0.338482815249
0.342059285706 0.349387606526
0.344620605837 0.339504815788
0.342894544365 0.339541040937
0.345231724697 0.338483349983
0.346683647563 0.340724420368
0.345080547593 0.341293177623
0.342143956712 0.34750013395
0.342503421105 0.341770117382
0.343703724756 0.34355496596
0.342158539842 0.349285904009
0.342475569772 0.345840597178
0.342766215104 0.335878661292
0.340236440505 0.341979384678
0.342812462882 0.333492845041
0.342192491538 0.340647227059
0.34273855969 0.334066405337
0.342807371053 0.337084318514
0.344522937331 0.338934498095
0.34224880256 0.345113837403
0.340224183968 0.340733885338
0.342171928522 0.338742488051
0.340051682469 0.333571462372
0.34205414678 0.338889516399
0.340946548591 0.335418346362
0.343210993511 0.338412621429
0.339993341401 0.335645644362
0.341722191721 0.339126970373
0.340608798117 0.338902861606
0.340508856044 0.332927804237
0.3413672998 0.341586829598
0.339008017374 0.334063414175
0.341160347518 0.335291969443
0.341247570578 0.339347586377
0.340706276255 0.331326138495
0.341870717393 0.337328266022
0.339630367111 0.338232192448
0.340677585533 0.335282481545
0.342058823943 0.34022105641
0.339495877819 0.328499642518
0.340142027083 0.337035740003
0.339326953783 0.336653857825
0.339357171568 0.335241471927
0.342599995222 0.339856277223
0.341477435167 0.338627712262
0.340416043787 0.341319109786
0.340518893571 0.333428456568
0.338942776581 0.334228772958
0.339125356649 0.338615268725
0.34124343213 0.33071065692
0.337669894356 0.336979085574
0.341029415399 0.333737854843
0.340450762236 0.331357964472
0.338322142966 0.340483511502
0.340186300575 0.331143087251
0.338251687908 0.338771795902
0.340958139693 0.338499154992
0.341817910998 0.335099406177
0.338766065287 0.333001098225
0.339751405802 0.337112666073
0.338378150476 0.341273490799
0.340609749256 0.329090546016
0.340835552968 0.336229812535
0.338916865876 0.32946705673
0.340727171789 0.336177828874
0.340315220561 0.336996738327
0.340735320833 0.333464372722
0.339342848373 0.341510072692
0.340655678951 0.338203729523
0.340558414269 0.333363569483
0.3399405968 0.336450933385
0.339928220791 0.332170843523
0.339397027717 0.33492635041
0.341488743834 0.334127204381
0.338369172717 0.332485272712
0.33924412851 0.336666581197
0.339431416517 0.332316283083
0.339137831419 0.339164184422
0.340912983487 0.331085402124
0.338644090834 0.339859167023
0.340690299381 0.328387103655
0.341668254577 0.332290568119
0.339465189975 0.328695962627
0.337273470693 0.326311311741
0.33997485557 0.333420997448
0.341919402938 0.328708757686
0.339743878207 0.338171472821
0.34147564707 0.334002259809
0.340215259895 0.334693744437
0.339586647167 0.335054025054
0.33897323621 0.333541923104
0.341387914009 0.338992958766
0.338033420633 0.336715858654
0.338179750277 0.333961094006
0.338819786283 0.331363328207
0.338970391811 0.331428458493
0.341120158201 0.333595874658
0.339363158388 0.328055343903
0.339286950791 0.335183868905
0.339674832134 0.328642053044
0.339794516804 0.332328138302
0.337041559454 0.334472826738
0.337075664687 0.335543846333
0.338250684937 0.333680260788
0.341419300285 0.334552637827
0.340329668497 0.330308919095
0.338871132919 0.334669331425
0.340190314608 0.334539385102
0.339886126745 0.331967405313
0.342386039154 0.336908779334
0.339691834238 0.33463669737
0.339164870716 0.336961066099
0.339326147371 0.334607549802
0.34183596712 0.334495607753
0.338616458666 0.332467835834
0.339327385011 0.331954381613
0.339742620999 0.337810465207
0.340339786034 0.333297260597
0.338870266934 0.334465214166
0.339320206516 0.338554509603
0.340129605507 0.334820728888
0.34047568564 0.33624460102
0.340816623329 0.33468193358
0.338577189659 0.338022747021
0.338896532742 0.330475343418
0.341684431969 0.335552750524
0.339289576035 0.340870023371
0.339022129764 0.333531320906
0.339821248775 0.331471835474
0.339526749401 0.337928215677
0.340406583566 0.331040399165
0.339208248399 0.33264033458
0.339613039559 0.331832034625
0.340016702231 0.339431737974
0.339352089575 0.338538568264
0.339582865467 0.337420305413
0.34123101446 0.326657910145
0.341704240866 0.33195785226
0.340612894538 0.335047358941
0.340751400333 0.335213636601
0.339599170322 0.336595133118
0.336419604721 0.33258257405
0.339284788064 0.334952854794
0.339304129583 0.336833601908
0.339552386637 0.327386194835
0.339366172309 0.335550915162
0.338947489119 0.338612523666
0.337919231689 0.329188086413
0.339335656302 0.332401533096
0.339985861363 0.331442653407
0.338472889565 0.328272589341
0.340328889823 0.335774707376
0.338504067467 0.335264287782
0.339973898554 0.335840556717
0.33911368143 0.332987257522
0.337404386314 0.33455995703
0.339581770229 0.33985012347
0.341189213199 0.33552952542
0.339896436766 0.338370720261
0.340130770081 0.333556491828
0.340415879377 0.336926226416
0.33725802692 0.337660004895
0.338890951463 0.333368324747
0.340643374677 0.336203570523
0.340674271211 0.33671521056
0.342527477446 0.337723343497
0.34141837083 0.340344410955
0.337915301155 0.337130540806
0.340574117767 0.336530717575
0.337872961441 0.336265733257
0.340360455354 0.330084371831
0.33745389301 0.331419537137
0.338072267662 0.329419982211
0.341285359723 0.338706361402
0.340923500344 0.333502186404
0.340744519663 0.33929956049
0.338471715553 0.336619969126
0.33954052174 0.332261720752
0.339596500181 0.333941558413
0.339563448337 0.336663408274
0.340585602063 0.331091944972
0.339966561044 0.327888554181
0.3400676441 0.336900390663
0.338321526912 0.332641070885
0.338068409167 0.332742981335
0.338953833725 0.331578783157
0.340711623535 0.331070413477
0.341163427392 0.337478416569
0.340079574059 0.32742174781
0.341843258455 0.335003626167
0.338910348564 0.327820631828
0.339559940682 0.329344417996
0.339724838797 0.331636247585
0.340157210722 0.333693417873
0.342700920761 0.334427688986
0.33881204981 0.332324599383
0.339470456281 0.33401411934
0.339166558197 0.330874676776
0.339622891274 0.335620029821
0.338358493597 0.338953170659
0.339204438877 0.327907955365
0.340429651612 0.332621748989
0.340100358922 0.329848777642
0.339638790745 0.329161733517
0.339486198717 0.331058186071
0.338266590641 0.326392293574
0.340296512528 0.337013373274
0.339259243043 0.333322092506
0.338682347662 0.32780784138
0.340343927248 0.33178505959
0.341717575095 0.334255761993
0.338568249801 0.333881497554
0.340286418916 0.328547181151
0.339057407752 0.334544104372
0.339763950233 0.338833126648
0.339151332112 0.329617523319
0.338609586386 0.335886748694
0.338170289909 0.330193956807
0.339422810696 0.335998106823
0.338382039935 0.336069318148
0.341028960277 0.326303092832
0.340160018478 0.330753923743
0.338974572317 0.336631442679
0.340002764172 0.331463058775
0.339823978951 0.339107273472
0.33976375029 0.337267035997
0.339152556522 0.336197859749
0.341923925171 0.337275975029
0.340508994141 0.33459223888
0.339527401627 0.329406905396
0.339644105468 0.337606288386
0.341053516909 0.336274716395
0.339198821354 0.331938015356
0.340709934618 0.334626329065
0.337780945205 0.328037131781
0.3406568432 0.332413501333
0.340210618055 0.340880474465
0.339662449756 0.333472590349
0.340863730356 0.332665438339
0.339602593892 0.342334889281
0.339320915204 0.330986146514
0.339090606083 0.332348961458
0.339199382611 0.331229075448
0.339918576896 0.331181736978
0.340377838771 0.334975336163
0.340728972069 0.336281823694
0.338114805454 0.333600862619
0.339035843116 0.331431910438
0.339400600717 0.328961255216
0.339172433623 0.332690292494
0.339579568858 0.332216346802
0.340162954075 0.331735785378
0.337676817671 0.33554649938
0.340241036118 0.333916987124
0.340457618645 0.330732302585
0.33780709768 0.33665862846
0.337535391153 0.327228861031
0.3413338214 0.329263528345
0.340278141308 0.338428380325
0.338214187945 0.334781301227
0.339705517233 0.330467088047
0.340175245705 0.326665148566
0.337395448037 0.330021998688
0.337123599821 0.332857995158
0.339460950975 0.33757208941
0.33912777532 0.331226523421
0.339465577007 0.331075664492
0.341469106827 0.330384054976
0.337125331373 0.336792448872
0.33724420805 0.331772310686
0.338017504768 0.338362471337
0.339901330077 0.328937782941
0.340466337726 0.33324752526
0.338863409728 0.332259517046
0.339514120612 0.333217434265
0.340623457203 0.334421036664
0.339858492208 0.330723047086
0.339918819892 0.330934636957
0.339516054264 0.340986697414
0.338348799944 0.336685356617
0.34067709601 0.334884383745
0.340927232516 0.332679532404
0.339249754853 0.330814253037
0.339797089075 0.334656868418
0.338408907111 0.326359821724
0.339926675973 0.335823449843
0.339736324643 0.332433824467
0.339224011261 0.33632089979
0.342619752161 0.329310638515
0.338200698649 0.330471330224
0.338562011164 0.333423005262
0.340890118715 0.326611488929
0.34020232928 0.335434431589
0.340325775297 0.338040475219
0.338865698054 0.33719762404
0.339825639448 0.331109031053
0.338768665621 0.337461845795
0.340620142504 0.332929189106
0.340557708943 0.33304247448
0.338861890323 0.334018939332
0.340132918802 0.325573068123
0.339511406757 0.340116689019
0.338507029912 0.332673752248
0.339525612639 0.33452068329
0.338140330824 0.329018932274
0.338746961129 0.329859657325
0.33893974525 0.34044373535
0.338708069538 0.333971459365
0.340814540675 0.339196856777
0.339958908635 0.336242998739
0.34095428277 0.334800140991
0.340236863279 0.335553413348
0.342085779384 0.329097877644
0.338735275675 0.329545483249
0.340931363894 0.331602543806
0.338872129951 0.325222111107
0.338168884172 0.338722861385
0.340945697407 0.330129800263
0.339613207489 0.333576798994
0.34004429165 0.333017002716
0.339757049492 0.340963414371
0.34010062908 0.33032949081
0.340363982503 0.335124873842
0.340845284154 0.329390781529
0.340560617116 0.334360378221
0.338901242315 0.335994844963
0.33942161634 0.336375883965
0.339953205728 0.332418962203
0.338413169849 0.337954053821
0.339755003241 0.331998298196
0.337251150692 0.32968841745
0.338694300666 0.338556320543
0.341000292161 0.334541764206
0.338999939373 0.330850683473
0.338773465869 0.33327871608
0.341146267047 0.335630470796
0.341264747997 0.337763269643
0.338093635361 0.335201522597
0.339933768947 0.333900396411
0.338128236151 0.328508073544
0.339816253791 0.343491498925
0.34213180476 0.333362147554
0.339634731071 0.334060989043
0.339647410551 0.337240293665
0.338411534702 0.335802447104
0.338734977903 0.334336382014
0.338238782612 0.337440689561
0.340511833144 0.335260772048
0.338111336034 0.33391910753
0.338639345927 0.336245344413
0.338172561548 0.331869329926
0.340998165668 0.332027952019
0.339640788297 0.342897585137
0.340139651005 0.333569332488
0.339141246273 0.33527649068
0.339405492393 0.338743199762
0.339140604439 0.328878465047
0.339215707423 0.33857679572
0.339984791842 0.327705149408
0.338516304017 0.331238321255
0.339632386116 0.333227051705
0.341095910173 0.328667157786
0.339684859531 0.338681624535
0.340035961477 0.340192600402
0.340323878508 0.33585025716
0.340313916896 0.337037131745
0.338993152866 0.332756147643
0.339404821721 0.33349534566
0.339391532231 0.339709940817
0.340491217281 0.335837906744
0.338272346239 0.334200330143
0.337336966935 0.331764959333
0.340577010436 0.33184509291
0.339699877513 0.330060974447
0.339259841593 0.335366688306
0.340723403791 0.337905320192
0.339487961149 0.337672257663
0.34015768382 0.335255178433
0.340765749287 0.336824980711
0.338605321721 0.343348943273
0.338704056438 0.330465630465
0.34069758992 0.334630301612
0.339844785843 0.330263475036
0.342046458074 0.333178635697
0.337390877817 0.338056113197
0.337002458535 0.332080438904
0.34094254805 0.336438079704
0.339764876179 0.331895238135
0.338072743326 0.336173484822
0.337454357005 0.325099241426
0.338835596755 0.338706173408
0.340543371648 0.33101233524
0.341399499088 0.332077385404
0.337896114441 0.337613144543
0.339252495032 0.336087395306
0.33893892654 0.329955414151
0.340087649043 0.333446250946
0.339789231622 0.340861681838
0.339887279104 0.335183220641
0.339376581166 0.33648104005
0.338260097275 0.331498142599
0.338543389908 0.343946272118
0.341635747115 0.338407906642
0.33795830818 0.328553904093
0.339714059763 0.336912642278
0.33962331255 0.335853592159
0.33976783235 0.329178603809
0.338673198537 0.333088777468
0.338213287087 0.33238191655
0.337866301099 0.330128472181
0.341943661023 0.333424446234
0.340299568078 0.338785653256
0.338092386974 0.332700891789
0.337277026838 0.33427458993
0.339038896718 0.331686082149
0.339858186601 0.336950258744
0.340378367576 0.336492741817
0.338768341828 0.327714077936
0.33993847983 0.333608146341
0.339291164578 0.338771514573
0.339850836269 0.337440788063
0.340290009116 0.342730547432
0.340302375698 0.336815332999
0.340564663339 0.336106508458
0.340500179986 0.328040061118
0.338469423047 0.332780246193
0.339434734432 0.3363187106
